<?xml version="1.0" encoding="UTF-8"?>
<!-- Generated by org.testng.reporters.JUnitReportReporter -->
<testsuite hostname="LAPTOP-RQ5ADVUS" failures="0" tests="4" name="newAutomationProject.testCases" time="14.217" errors="0" timestamp="2024-01-21T21:52:49 EET" skipped="0">
  <testcase classname="newAutomationProject.testCases" name="loginToWebsite" time="3.572"/>
  <system-out/>
  <testcase classname="newAutomationProject.testCases" name="addTwoRandomItems" time="0.082"/>
  <system-out/>
  <testcase classname="newAutomationProject.testCases" name="checkoutProcess" time="8.425"/>
  <system-out/>
  <testcase classname="newAutomationProject.testCases" name="logout" time="2.138"/>
  <system-out/>
</testsuite> <!-- newAutomationProject.testCases -->
