<?xml version="1.0" encoding="UTF-8"?>
<!-- Generated by org.testng.reporters.JUnitReportReporter -->
<testsuite hostname="LAPTOP-RQ5ADVUS" failures="0" tests="4" name="newAutomationProject.testCases" time="14.322" errors="0" timestamp="2024-01-21T21:39:19 EET" skipped="0">
  <testcase classname="newAutomationProject.testCases" name="loginToWebsite" time="3.590"/>
  <system-out/>
  <testcase classname="newAutomationProject.testCases" name="addTwoRandomItems" time="0.074"/>
  <system-out/>
  <testcase classname="newAutomationProject.testCases" name="checkoutProcess" time="8.545"/>
  <system-out/>
  <testcase classname="newAutomationProject.testCases" name="logout" time="2.113"/>
  <system-out/>
</testsuite> <!-- newAutomationProject.testCases -->
